[2026-04-27] Starting Midnights01 backup...
[2026-04-27] Compose file backed up
[2026-04-27] Config files backed up
[2026-04-27] NetBox database backed up
[2026-04-27] Old backups cleaned up
[2026-04-27] Midnights01 backup complete
[2026-04-28] Starting Midnights01 backup...
[2026-04-28] Compose file backed up
[2026-04-28] Config files backed up
[2026-04-28] NetBox database backed up
[2026-04-28] Old backups cleaned up
[2026-04-28] Midnights01 backup complete
[2026-04-29] Starting Midnights01 backup...
[2026-04-29] Compose file backed up
[2026-04-29] Config files backed up
[2026-04-29] NetBox database backed up
[2026-04-29] Old backups cleaned up
[2026-04-29] Midnights01 backup complete
[2026-04-30] Starting Midnights01 backup...
[2026-04-30] Compose file backed up
[2026-04-30] Config files backed up
[2026-04-30] NetBox database backed up
[2026-04-30] Old backups cleaned up
[2026-04-30] Midnights01 backup complete
[2026-05-01] Starting Midnights01 backup...
[2026-05-01] Compose file backed up
[2026-05-01] Config files backed up
[2026-05-01] NetBox database backed up
[2026-05-01] Old backups cleaned up
[2026-05-01] Midnights01 backup complete
[2026-05-02] Starting Midnights01 backup...
[2026-05-02] Compose file backed up
[2026-05-02] Config files backed up
[2026-05-02] NetBox database backed up
[2026-05-02] Old backups cleaned up
[2026-05-02] Midnights01 backup complete
[2026-05-03] Starting Midnights01 backup...
[2026-05-03] Compose file backed up
[2026-05-03] Config files backed up
[2026-05-03] NetBox database backed up
[2026-05-03] Old backups cleaned up
[2026-05-03] Midnights01 backup complete
